<?xml version="1.0" encoding="UTF-8"?>
<!-- Generated by org.testng.reporters.JUnitXMLReporter -->
<testsuite hostname="LAPTOP-C2G5F0C2" name="login wrong email test" tests="2" failures="2" timestamp="25 Sep 2019 18:44:34 GMT" time="10.676" errors="0">
  <testcase name="basePageNavigation" time="3.789" classname="Amazon.OrderLoginTestWithWorngEmail">
    <failure type="junit.framework.ComparisonFailure" message="expected:&amp;lt;...&amp;gt; but was:&amp;lt;1...&amp;gt;">
      <![CDATA[junit.framework.ComparisonFailure: expected:<...> but was:<1...>
	at junit.framework.Assert.assertEquals(Assert.java:81)
	at junit.framework.Assert.assertEquals(Assert.java:87)
	at Amazon.OrderLoginTestWithWorngEmail.basePageNavigation(OrderLoginTestWithWorngEmail.java:47)
... Removed 24 stack frames]]>
    </failure>
  </testcase> <!-- basePageNavigation -->
  <testcase name="basePageNavigation" time="2.447" classname="Amazon.OrderLoginTestWithWorngEmail">
    <failure type="junit.framework.ComparisonFailure" message="expected:&amp;lt;...&amp;gt; but was:&amp;lt;1...&amp;gt;">
      <![CDATA[junit.framework.ComparisonFailure: expected:<...> but was:<1...>
	at junit.framework.Assert.assertEquals(Assert.java:81)
	at junit.framework.Assert.assertEquals(Assert.java:87)
	at Amazon.OrderLoginTestWithWorngEmail.basePageNavigation(OrderLoginTestWithWorngEmail.java:47)
... Removed 24 stack frames]]>
    </failure>
  </testcase> <!-- basePageNavigation -->
</testsuite> <!-- login wrong email test -->
